<?xml version="1.0" encoding="UTF-8"?>
<!-- Generated by org.testng.reporters.JUnitReportReporter -->
<testsuite skipped="1" hostname="DESKTOP-GRE8QJG" name="com.inetbanking.testCases.TC_LoginTestDDT" tests="1" failures="0" timestamp="09 Dec 2022 09:47:51 GMT" time="0.000" errors="0">
  <testcase name="loginDDT" time="0.000" classname="com.inetbanking.testCases.TC_LoginTestDDT">
    <skipped/>
  </testcase> <!-- loginDDT -->
</testsuite> <!-- com.inetbanking.testCases.TC_LoginTestDDT -->
