<?xml version="1.0" encoding="UTF-8"?>
<!-- Generated by org.testng.reporters.JUnitReportReporter -->
<testsuite skipped="0" hostname="DESKTOP-GRE8QJG" name="com.inetbanking.testCases.TC_LoginTest" tests="1" failures="0" timestamp="09 Dec 2022 09:47:51 GMT" time="3.063" errors="0">
  <testcase name="LoginTest" time="3.063" classname="com.inetbanking.testCases.TC_LoginTest"/>
</testsuite> <!-- com.inetbanking.testCases.TC_LoginTest -->
