<?xml version="1.0" encoding="UTF-8"?>
<!-- Generated by org.testng.reporters.JUnitReportReporter -->
<testsuite skipped="0" hostname="DESKTOP-GRE8QJG" name="com.inetbanking.testCases.TC_AddCustomerTest" tests="1" failures="0" timestamp="13 Dec 2022 14:26:15 GMT" time="27.338" errors="0">
  <testcase name="addNewCustomer" time="27.338" classname="com.inetbanking.testCases.TC_AddCustomerTest"/>
</testsuite> <!-- com.inetbanking.testCases.TC_AddCustomerTest -->
